<?xml version="1.0" encoding="UTF-8"?>
<!-- Generated by org.testng.reporters.JUnitXMLReporter -->
<testsuite hostname="pc-PC" ignored="1" name="Test" tests="8" failures="4" timestamp="16 Nov 2018 14:33:15 GMT" time="2.111" errors="0">
  <testcase name="testLogin" time="0.116" classname="com.uiAutomatiom.testScript.Test1"/>
  <testcase name="testLogin1" time="0.04" classname="com.uiAutomatiom.testScript.Test1"/>
  <testcase name="testLogin2" time="0.004" classname="com.uiAutomatiom.testScript.Test1">
    <failure type="java.lang.AssertionError" message="expected [true] but found [false]">
      <![CDATA[java.lang.AssertionError: expected [true] but found [false]
	at com.uiAutomatiom.helper.assertions.AssertionHelper.makeFalse(AssertionHelper.java:30)
	at com.uiAutomatiom.testScript.Test1.testLogin2(Test1.java:25)
... Removed 29 stack frames]]>
    </failure>
  </testcase> <!-- testLogin2 -->
  <testcase name="testLogin3" time="0.002" classname="com.uiAutomatiom.testScript.Test1">
    <failure type="java.lang.AssertionError" message="expected [true] but found [false]">
      <![CDATA[java.lang.AssertionError: expected [true] but found [false]
	at com.uiAutomatiom.helper.assertions.AssertionHelper.makeFalse(AssertionHelper.java:30)
	at com.uiAutomatiom.testScript.Test1.testLogin3(Test1.java:30)
... Removed 29 stack frames]]>
    </failure>
  </testcase> <!-- testLogin3 -->
  <testcase name="testLogin21" time="0.003" classname="com.uiAutomatiom.testScript.Test2"/>
  <testcase name="testLogin22" time="0.021" classname="com.uiAutomatiom.testScript.Test2"/>
  <testcase name="testLogin23" time="0.003" classname="com.uiAutomatiom.testScript.Test2">
    <failure type="java.lang.AssertionError" message="expected [true] but found [false]">
      <![CDATA[java.lang.AssertionError: expected [true] but found [false]
	at com.uiAutomatiom.helper.assertions.AssertionHelper.makeFalse(AssertionHelper.java:30)
	at com.uiAutomatiom.testScript.Test2.testLogin23(Test2.java:25)
... Removed 29 stack frames]]>
    </failure>
  </testcase> <!-- testLogin23 -->
  <testcase name="testLogin24" time="0.011" classname="com.uiAutomatiom.testScript.Test2">
    <failure type="java.lang.AssertionError" message="expected [true] but found [false]">
      <![CDATA[java.lang.AssertionError: expected [true] but found [false]
	at com.uiAutomatiom.helper.assertions.AssertionHelper.makeFalse(AssertionHelper.java:30)
	at com.uiAutomatiom.testScript.Test2.testLogin24(Test2.java:30)
... Removed 29 stack frames]]>
    </failure>
  </testcase> <!-- testLogin24 -->
  <testcase name="@BeforeSuite beforeSuite" time="0.0" classname="com.uiAutomatiom.TestBase.TestBase">
    <ignored/>
  </testcase> <!-- @BeforeSuite beforeSuite -->
</testsuite> <!-- Test -->
