<?xml version="1.0" encoding="UTF-8"?>
<testng-results skipped="0" failed="0" ignored="0" total="0" passed="0">
  <reporter-output>
  </reporter-output>
  <suite name="com.uiAutomatiom.AppTest" duration-ms="23" started-at="2018-11-19T07:12:35Z" finished-at="2018-11-19T07:12:35Z">
    <groups>
    </groups>
    <test name="Command line test" duration-ms="23" started-at="2018-11-19T07:12:35Z" finished-at="2018-11-19T07:12:35Z">
    </test> <!-- Command line test -->
  </suite> <!-- com.uiAutomatiom.AppTest -->
</testng-results>
